<?xml version="1.0" encoding="UTF-8"?>
<!-- Generated by org.testng.reporters.JUnitXMLReporter -->
<testsuite ignored="0" hostname="Mohan-X1-Carbon" failures="1" tests="1" name="Default test" time="3.947" errors="0" timestamp="2025-08-06T20:11:13 CDT">
  <testcase classname="test1.XmlSchemaValidator" name="schemaValidation" time="3.864">
    <failure type="groovy.lang.GroovyRuntimeException" message="Ambiguous method overloading for method io.restassured.internal.matcher.xml.XmlXsdMatcher#matchesXsd.
Cannot resolve which method to invoke for [null] due to overlapping prototypes between:
	[class java.io.File]
	[class java.io.InputStream]
	[class java.io.Reader]
	[class java.lang.String]
	[class java.net.URL]">
      <![CDATA[groovy.lang.GroovyRuntimeException: Ambiguous method overloading for method io.restassured.internal.matcher.xml.XmlXsdMatcher#matchesXsd.
Cannot resolve which method to invoke for [null] due to overlapping prototypes between:
[class java.io.File]
[class java.io.InputStream]
[class java.io.Reader]
[class java.lang.String]
[class java.net.URL]
at groovy.lang.MetaClassImpl.doChooseMostSpecificParams(MetaClassImpl.java:3390)
at groovy.lang.MetaClassImpl.chooseMostSpecificParams(MetaClassImpl.java:3366)
at groovy.lang.MetaClassImpl.chooseMethodInternal(MetaClassImpl.java:3356)
at groovy.lang.MetaClassImpl.chooseMethod(MetaClassImpl.java:3302)
at groovy.lang.MetaClassImpl.pickStaticMethod(MetaClassImpl.java:1651)
at groovy.lang.MetaClassImpl.retrieveStaticMethod(MetaClassImpl.java:1547)
at groovy.lang.MetaClassImpl.createStaticSite(MetaClassImpl.java:3583)
at org.codehaus.groovy.runtime.callsite.CallSiteArray.createCallStaticSite(CallSiteArray.java:72)
at org.codehaus.groovy.runtime.callsite.CallSiteArray.defaultCallStatic(CallSiteArray.java:53)
at org.codehaus.groovy.runtime.callsite.AbstractCallSite.callStatic(AbstractCallSite.java:217)
at org.codehaus.groovy.runtime.callsite.AbstractCallSite.callStatic(AbstractCallSite.java:231)
at io.restassured.internal.matcher.xml.XmlXsdMatcher.matchesXsdInClasspath(XmlXsdMatcher.groovy:95)
at io.restassured.matcher.RestAssuredMatchers.matchesXsdInClasspath(RestAssuredMatchers.java:83)
at test1.XmlSchemaValidator.schemaValidation(XmlSchemaValidator.java:45)
at java.base/jdk.internal.reflect.DirectMethodHandleAccessor.invoke(DirectMethodHandleAccessor.java:104)
at java.base/java.lang.reflect.Method.invoke(Method.java:565)
at org.testng.internal.invokers.MethodInvocationHelper.invokeMethod(MethodInvocationHelper.java:141)
at org.testng.internal.invokers.TestInvoker.invokeMethod(TestInvoker.java:687)
at org.testng.internal.invokers.TestInvoker.invokeTestMethod(TestInvoker.java:230)
at org.testng.internal.invokers.MethodRunner.runInSequence(MethodRunner.java:63)
at org.testng.internal.invokers.TestInvoker$MethodInvocationAgent.invoke(TestInvoker.java:995)
at org.testng.internal.invokers.TestInvoker.invokeTestMethods(TestInvoker.java:203)
at org.testng.internal.invokers.TestMethodWorker.invokeTestMethods(TestMethodWorker.java:154)
at org.testng.internal.invokers.TestMethodWorker.run(TestMethodWorker.java:134)
at java.base/java.util.ArrayList.forEach(ArrayList.java:1604)
at org.testng.TestRunner.privateRun(TestRunner.java:741)
at org.testng.TestRunner.run(TestRunner.java:616)
at org.testng.SuiteRunner.runTest(SuiteRunner.java:421)
at org.testng.SuiteRunner.runSequentially(SuiteRunner.java:413)
at org.testng.SuiteRunner.privateRun(SuiteRunner.java:373)
at org.testng.SuiteRunner.run(SuiteRunner.java:312)
at org.testng.SuiteRunnerWorker.runSuite(SuiteRunnerWorker.java:52)
at org.testng.SuiteRunnerWorker.run(SuiteRunnerWorker.java:95)
at org.testng.TestNG.runSuitesSequentially(TestNG.java:1274)
at org.testng.TestNG.runSuitesLocally(TestNG.java:1208)
at org.testng.TestNG.runSuites(TestNG.java:1112)
at org.testng.TestNG.run(TestNG.java:1079)
at org.testng.remote.AbstractRemoteTestNG.run(AbstractRemoteTestNG.java:115)
at org.testng.remote.RemoteTestNG.initAndRun(RemoteTestNG.java:293)
at org.testng.remote.RemoteTestNG.main(RemoteTestNG.java:91)
]]>
    </failure>
  </testcase> <!-- schemaValidation -->
</testsuite> <!-- Default test -->
